<?xml version="1.0" encoding="UTF-8"?>
<!-- Generated by org.testng.reporters.JUnitReportReporter -->
<testsuite skipped="0" hostname="LTIN209198" name="ApiTest.FirstApi" tests="4" failures="0" timestamp="30 Jul 2021 06:45:40 GMT" time="5.811" errors="0">
  <testcase name="makeSureThatGoogleIsUp" time="2.940" classname="ApiTest.FirstApi"/>
  <testcase name="test_ResponseHeaderData_ShouldBeCorrect" time="0.722" classname="ApiTest.FirstApi"/>
  <testcase name="test_NumberOfCircuitsFor2017Season_ShouldBe20" time="1.477" classname="ApiTest.FirstApi"/>
  <testcase name="test_NumberOfCircuits_ShouldBe20_Parameterized" time="0.672" classname="ApiTest.FirstApi"/>
</testsuite> <!-- ApiTest.FirstApi -->
