<?xml version="1.0" encoding="UTF-8"?>
<!-- Generated by org.testng.reporters.JUnitReportReporter -->
<testsuite skipped="0" hostname="LTIN209198" name="ApiTest.Secondapi" tests="3" failures="0" timestamp="30 Jul 2021 07:03:53 GMT" time="6.146" errors="0">
  <testcase name="test_NumberOfCircuits_ShouldBe_DataDriven" time="4.106" classname="ApiTest.Secondapi"/>
  <testcase name="test_NumberOfCircuits_ShouldBe_DataDriven" time="1.063" classname="ApiTest.Secondapi"/>
  <testcase name="test_NumberOfCircuits_ShouldBe_DataDriven" time="0.977" classname="ApiTest.Secondapi"/>
</testsuite> <!-- ApiTest.Secondapi -->
